app/build/intermediates/manifest_merge_blame_file/debug/manifest-merger-blame-debug-report.txt
1<?xml version="1.0" encoding="utf-8"?>
2<manifest xmlns:android="http://schemas.android.com/apk/res/android"
3    package="personal.droid.pychat"
4    android:versionCode="2"
5    android:versionName="2.0" >
6
7    <uses-sdk
8        android:minSdkVersion="16"
8-->src\main\AndroidManifest.xml
9        android:targetSdkVersion="29" />
9-->src\main\AndroidManifest.xml
10
11    <uses-permission android:name="android.permission.ACCESS_FINE_LOCATION" />
11-->src\main\AndroidManifest.xml:7:5-79
11-->src\main\AndroidManifest.xml:7:22-76
12    <uses-permission android:name="android.permission.FOREGROUND_SERVICE" />
12-->src\main\AndroidManifest.xml:8:5-77
12-->src\main\AndroidManifest.xml:8:22-74
13    <uses-permission android:name="android.permission.READ_EXTERNAL_STORAGE" />
13-->src\main\AndroidManifest.xml:9:5-80
13-->src\main\AndroidManifest.xml:9:22-77
14    <uses-permission android:name="android.permission.READ_CONTACTS" />
14-->src\main\AndroidManifest.xml:10:5-72
14-->src\main\AndroidManifest.xml:10:22-69
15    <uses-permission android:name="android.permission.WRITE_EXTERNAL_STORAGE" />
15-->src\main\AndroidManifest.xml:11:5-81
15-->src\main\AndroidManifest.xml:11:22-78
16    <uses-permission android:name="android.permission.CALL_PHONE" />
16-->src\main\AndroidManifest.xml:12:5-69
16-->src\main\AndroidManifest.xml:12:22-66
17    <uses-permission android:name="android.permission.INTERNET" />
17-->src\main\AndroidManifest.xml:13:5-67
17-->src\main\AndroidManifest.xml:13:22-64
18    <uses-permission android:name="android.permission.CAMERA" />
18-->src\main\AndroidManifest.xml:14:5-65
18-->src\main\AndroidManifest.xml:14:22-62
19    <uses-permission android:name="android.permission.ACCESS_NETWORK_STATE" />
19-->src\main\AndroidManifest.xml:15:5-79
19-->src\main\AndroidManifest.xml:15:22-76
20    <uses-permission android:name="android.permission.RECORD_AUDIO" />
20-->src\main\AndroidManifest.xml:16:5-71
20-->src\main\AndroidManifest.xml:16:22-68
21    <uses-permission android:name="android.permission.VIBRATE" />
21-->src\main\AndroidManifest.xml:17:5-66
21-->src\main\AndroidManifest.xml:17:22-63
22    <uses-permission android:name="android.permission.MODIFY_AUDIO_SETTINGS" />
22-->src\main\AndroidManifest.xml:18:5-80
22-->src\main\AndroidManifest.xml:18:22-77
23    <uses-permission android:name="android.permission.READ_PHONE_STATE" />
23-->src\main\AndroidManifest.xml:19:5-75
23-->src\main\AndroidManifest.xml:19:22-72
24    <uses-permission android:name="android.permission.WAKE_LOCK" />
24-->src\main\AndroidManifest.xml:20:5-68
24-->src\main\AndroidManifest.xml:20:22-65
25    <uses-permission android:name="android.permission.DISABLE_KEYGUARD" />
25-->src\main\AndroidManifest.xml:21:5-75
25-->src\main\AndroidManifest.xml:21:22-72
26    <uses-permission android:name="android.permission.ACCESS_WIFI_STATE" />
26-->[com.google.android.libraries.places:places:2.2.0] AndroidManifest.xml:10:5-76
26-->[com.google.android.libraries.places:places:2.2.0] AndroidManifest.xml:10:22-73
27
28    <uses-feature
28-->[com.google.android.gms:play-services-maps:17.0.1] AndroidManifest.xml:26:5-28:35
29        android:glEsVersion="0x00020000"
29-->[com.google.android.gms:play-services-maps:17.0.1] AndroidManifest.xml:27:9-41
30        android:required="true" />
30-->[com.google.android.gms:play-services-maps:17.0.1] AndroidManifest.xml:28:9-32
31
32    <queries>
32-->[com.google.android.gms:play-services-maps:17.0.1] AndroidManifest.xml:30:5-34:15
33
34        <!-- Needs to be explicitly declared on Android R+ -->
35        <package android:name="com.google.android.apps.maps" />
35-->[com.google.android.gms:play-services-maps:17.0.1] AndroidManifest.xml:33:9-64
35-->[com.google.android.gms:play-services-maps:17.0.1] AndroidManifest.xml:33:18-61
36    </queries> <!-- Required by older versions of Google Play services to create IID tokens -->
37    <uses-permission android:name="com.google.android.c2dm.permission.RECEIVE" />
37-->[com.google.firebase:firebase-iid:20.1.2] AndroidManifest.xml:26:5-82
37-->[com.google.firebase:firebase-iid:20.1.2] AndroidManifest.xml:26:22-79
38    <uses-permission android:name="com.google.android.finsky.permission.BIND_GET_INSTALL_REFERRER_SERVICE" />
38-->[com.google.android.gms:play-services-measurement:17.2.3] AndroidManifest.xml:26:5-110
38-->[com.google.android.gms:play-services-measurement:17.2.3] AndroidManifest.xml:26:22-107
39
40    <application
40-->src\main\AndroidManifest.xml:23:5-142:19
41        android:name="personal.droid.pychat.BaseApplication"
41-->src\main\AndroidManifest.xml:24:9-40
42        android:allowBackup="true"
42-->src\main\AndroidManifest.xml:25:9-35
43        android:appComponentFactory="androidx.core.app.CoreComponentFactory"
43-->[androidx.core:core:1.1.0] AndroidManifest.xml:24:18-86
44        android:debuggable="true"
45        android:icon="@mipmap/ic_launcher"
45-->src\main\AndroidManifest.xml:26:9-43
46        android:label="@string/app_name"
46-->src\main\AndroidManifest.xml:27:9-41
47        android:supportsRtl="true"
47-->src\main\AndroidManifest.xml:28:9-35
48        android:testOnly="true"
49        android:theme="@style/AppTheme"
49-->src\main\AndroidManifest.xml:29:9-40
50        android:usesCleartextTraffic="true" >
50-->src\main\AndroidManifest.xml:30:9-44
51        <meta-data
51-->src\main\AndroidManifest.xml:33:9-35:55
52            android:name="com.google.android.geo.API_KEY"
52-->src\main\AndroidManifest.xml:34:13-58
53            android:value="@string/google_maps_key" />
53-->src\main\AndroidManifest.xml:35:13-52
54
55        <activity
55-->src\main\AndroidManifest.xml:37:9-42:56
56            android:name="personal.droid.pychat.activities.MainActivity"
56-->src\main\AndroidManifest.xml:38:13-52
57            android:launchMode="singleTop"
57-->src\main\AndroidManifest.xml:39:13-43
58            android:screenOrientation="portrait"
58-->src\main\AndroidManifest.xml:40:13-49
59            android:windowSoftInputMode="stateHidden|adjustResize" />
59-->src\main\AndroidManifest.xml:41:13-67
60        <activity
60-->src\main\AndroidManifest.xml:43:9-52:20
61            android:name="personal.droid.pychat.activities.ChatActivity"
61-->src\main\AndroidManifest.xml:44:13-52
62            android:parentActivityName="personal.droid.pychat.activities.MainActivity"
62-->src\main\AndroidManifest.xml:45:13-66
63            android:screenOrientation="portrait"
63-->src\main\AndroidManifest.xml:46:13-49
64            android:windowSoftInputMode="stateHidden|adjustResize" >
64-->src\main\AndroidManifest.xml:47:13-67
65            <meta-data
65-->src\main\AndroidManifest.xml:49:13-51:81
66                android:name="android.support.PARENT_ACTIVITY"
66-->src\main\AndroidManifest.xml:50:17-63
67                android:value="personal.droid.pychat.activities.MainActivity" />
67-->src\main\AndroidManifest.xml:51:17-78
68        </activity>
69        <activity android:name="personal.droid.pychat.activities.ImageViewerActivity" />
69-->src\main\AndroidManifest.xml:53:9-68
69-->src\main\AndroidManifest.xml:53:19-65
70
71        <service
71-->src\main\AndroidManifest.xml:55:9-57:38
72            android:name="personal.droid.pychat.services.FirebaseChatService"
72-->src\main\AndroidManifest.xml:56:13-57
73            android:enabled="true" />
73-->src\main\AndroidManifest.xml:57:13-35
74        <service android:name="personal.droid.pychat.services.MyFirebaseMessagingService" >
74-->src\main\AndroidManifest.xml:58:9-62:19
74-->src\main\AndroidManifest.xml:58:18-69
75            <intent-filter>
75-->src\main\AndroidManifest.xml:59:13-61:29
76                <action android:name="com.google.firebase.MESSAGING_EVENT" />
76-->src\main\AndroidManifest.xml:60:17-78
76-->src\main\AndroidManifest.xml:60:25-75
77            </intent-filter>
78        </service>
79
80        <receiver
80-->src\main\AndroidManifest.xml:64:9-70:20
81            android:name="personal.droid.pychat.receivers.ConnectivityReceiver"
81-->src\main\AndroidManifest.xml:65:13-59
82            android:enabled="true" >
82-->src\main\AndroidManifest.xml:66:13-35
83            <intent-filter>
83-->src\main\AndroidManifest.xml:67:13-69:29
84                <action android:name="android.net.conn.CONNECTIVITY_CHANGE" />
84-->src\main\AndroidManifest.xml:68:17-79
84-->src\main\AndroidManifest.xml:68:25-76
85            </intent-filter>
86        </receiver> <!-- https://developers.google.com/admob/android/quick-start#update_your_androidmanifestxml -->
87        <!-- <meta-data -->
88        <!-- android:name="com.google.android.gms.ads.APPLICATION_ID" -->
89        <!-- android:value="@string/admob_app_id" /> -->
90        <provider
90-->src\main\AndroidManifest.xml:74:9-83:20
91            android:name="personal.droid.pychat.utils.MyFileProvider"
91-->src\main\AndroidManifest.xml:75:13-49
92            android:authorities="@string/authority"
92-->src\main\AndroidManifest.xml:76:13-52
93            android:exported="false"
93-->src\main\AndroidManifest.xml:77:13-37
94            android:grantUriPermissions="true" >
94-->src\main\AndroidManifest.xml:78:13-47
95            <meta-data
95-->src\main\AndroidManifest.xml:80:13-82:54
96                android:name="android.support.FILE_PROVIDER_PATHS"
96-->src\main\AndroidManifest.xml:81:17-67
97                android:resource="@xml/file_paths" />
97-->src\main\AndroidManifest.xml:82:17-51
98        </provider>
99        <provider
100            android:name="personal.droid.pychat.views.multipicker.utils.AMPFileProvider"
100-->src\main\AndroidManifest.xml:86:13-68
101            android:authorities="personal.droid.pychat.multipicker.fileprovider"
101-->src\main\AndroidManifest.xml:87:13-76
102            android:exported="false"
102-->src\main\AndroidManifest.xml:88:13-37
103            android:grantUriPermissions="true" >
103-->src\main\AndroidManifest.xml:89:13-47
104            <meta-data
104-->src\main\AndroidManifest.xml:80:13-82:54
105                android:name="android.support.FILE_PROVIDER_PATHS"
105-->src\main\AndroidManifest.xml:81:17-67
106                android:exported="false"
106-->src\main\AndroidManifest.xml:92:17-41
107                android:grantUriPermissions="true"
107-->src\main\AndroidManifest.xml:93:17-51
108                android:resource="@xml/paths" />
108-->src\main\AndroidManifest.xml:82:17-51
109        </provider>
110
111        <activity
111-->src\main\AndroidManifest.xml:97:9-101:56
112            android:name="personal.droid.pychat.activities.ContactViewerActivity"
112-->src\main\AndroidManifest.xml:98:13-61
113            android:screenOrientation="portrait"
113-->src\main\AndroidManifest.xml:99:13-49
114            android:windowSoftInputMode="stateHidden|adjustResize" />
114-->src\main\AndroidManifest.xml:100:13-67
115        <activity
115-->src\main\AndroidManifest.xml:102:9-106:56
116            android:name="personal.droid.pychat.activities.ChatDetailActivity"
116-->src\main\AndroidManifest.xml:103:13-58
117            android:screenOrientation="portrait"
117-->src\main\AndroidManifest.xml:104:13-49
118            android:windowSoftInputMode="stateHidden|adjustResize" />
118-->src\main\AndroidManifest.xml:105:13-67
119        <activity
119-->src\main\AndroidManifest.xml:107:9-112:56
120            android:name="personal.droid.pychat.activities.SignInActivity"
120-->src\main\AndroidManifest.xml:108:13-54
121            android:screenOrientation="portrait"
121-->src\main\AndroidManifest.xml:109:13-49
122            android:theme="@style/AppTheme.NoTitle"
122-->src\main\AndroidManifest.xml:110:13-52
123            android:windowSoftInputMode="stateHidden|adjustResize" />
123-->src\main\AndroidManifest.xml:111:13-67
124        <!-- <activity -->
125        <!-- android:name=".activities.CallScreenActivity" -->
126        <!-- android:screenOrientation="portrait" -->
127        <!-- tools:ignore="LockedOrientationActivity" /> -->
128        <!-- <activity -->
129        <!-- android:name=".activities.IncomingCallScreenActivity" -->
130        <!-- android:screenOrientation="portrait" -->
131        <!-- tools:ignore="LockedOrientationActivity" /> -->
132        <activity
132-->src\main\AndroidManifest.xml:121:9-133:20
133            android:name="personal.droid.pychat.activities.SplashActivity"
133-->src\main\AndroidManifest.xml:122:13-54
134            android:screenOrientation="portrait"
134-->src\main\AndroidManifest.xml:123:13-49
135            android:theme="@style/AppTheme.NoTitle"
135-->src\main\AndroidManifest.xml:124:13-52
136            android:windowSoftInputMode="stateHidden|adjustResize" >
136-->src\main\AndroidManifest.xml:125:13-67
137            <intent-filter>
137-->src\main\AndroidManifest.xml:127:13-132:29
138                <action android:name="android.intent.action.VIEW" />
138-->src\main\AndroidManifest.xml:128:17-69
138-->src\main\AndroidManifest.xml:128:25-66
139                <action android:name="android.intent.action.MAIN" />
139-->src\main\AndroidManifest.xml:129:17-69
139-->src\main\AndroidManifest.xml:129:25-66
140
141                <category android:name="android.intent.category.LAUNCHER" />
141-->src\main\AndroidManifest.xml:131:17-77
141-->src\main\AndroidManifest.xml:131:27-74
142            </intent-filter>
143        </activity>
144
145        <service
145-->src\main\AndroidManifest.xml:135:9-137:40
146            android:name="personal.droid.pychat.services.FetchMyUsersService"
146-->src\main\AndroidManifest.xml:136:13-57
147            android:exported="false" />
147-->src\main\AndroidManifest.xml:137:13-37
148        <service
148-->src\main\AndroidManifest.xml:138:9-141:40
149            android:name="personal.droid.pychat.services.SinchService"
149-->src\main\AndroidManifest.xml:139:13-50
150            android:enabled="true"
150-->src\main\AndroidManifest.xml:140:13-35
151            android:exported="false" />
151-->src\main\AndroidManifest.xml:141:13-37
152        <service android:name="com.sinch.android.rtc.internal.client.fcm.InstanceIDTokenService" >
152-->[:sinch-android-rtc:3.12.5] AndroidManifest.xml:12:9-16:19
152-->[:sinch-android-rtc:3.12.5] AndroidManifest.xml:12:18-97
153            <intent-filter>
153-->[:sinch-android-rtc:3.12.5] AndroidManifest.xml:13:13-15:29
154                <action android:name="com.google.firebase.INSTANCE_ID_EVENT" />
154-->[:sinch-android-rtc:3.12.5] AndroidManifest.xml:14:17-80
154-->[:sinch-android-rtc:3.12.5] AndroidManifest.xml:14:25-77
155            </intent-filter>
156        </service>
157
158        <activity
158-->[com.google.android.libraries.places:places:2.2.0] AndroidManifest.xml:14:9-20:20
159            android:name="com.google.android.libraries.places.widget.AutocompleteActivity"
159-->[com.google.android.libraries.places:places:2.2.0] AndroidManifest.xml:15:13-91
160            android:exported="false"
160-->[com.google.android.libraries.places:places:2.2.0] AndroidManifest.xml:16:13-37
161            android:label="@string/places_autocomplete_label"
161-->[com.google.android.libraries.places:places:2.2.0] AndroidManifest.xml:17:13-62
162            android:theme="@style/PlacesAutocompleteOverlay"
162-->[com.google.android.libraries.places:places:2.2.0] AndroidManifest.xml:18:13-61
163            android:windowSoftInputMode="adjustResize" >
163-->[com.google.android.libraries.places:places:2.2.0] AndroidManifest.xml:19:13-55
164        </activity>
165
166        <service
166-->[com.google.firebase:firebase-firestore:21.4.1] AndroidManifest.xml:17:9-23:19
167            android:name="com.google.firebase.components.ComponentDiscoveryService"
167-->[com.google.firebase:firebase-firestore:21.4.1] AndroidManifest.xml:18:13-84
168            android:directBootAware="true"
168-->[com.google.firebase:firebase-common:19.3.0] AndroidManifest.xml:34:13-43
169            android:exported="false" >
169-->[com.google.firebase:firebase-firestore:21.4.1] AndroidManifest.xml:19:13-37
170            <meta-data
170-->[com.google.firebase:firebase-firestore:21.4.1] AndroidManifest.xml:20:13-22:85
171                android:name="com.google.firebase.components:com.google.firebase.firestore.FirestoreRegistrar"
171-->[com.google.firebase:firebase-firestore:21.4.1] AndroidManifest.xml:21:17-111
172                android:value="com.google.firebase.components.ComponentRegistrar" />
172-->[com.google.firebase:firebase-firestore:21.4.1] AndroidManifest.xml:22:17-82
173            <meta-data
173-->[com.google.firebase:firebase-database:19.2.1] AndroidManifest.xml:32:13-34:85
174                android:name="com.google.firebase.components:com.google.firebase.database.DatabaseRegistrar"
174-->[com.google.firebase:firebase-database:19.2.1] AndroidManifest.xml:33:17-109
175                android:value="com.google.firebase.components.ComponentRegistrar" />
175-->[com.google.firebase:firebase-database:19.2.1] AndroidManifest.xml:34:17-82
176            <meta-data
176-->[com.google.firebase:firebase-storage:19.1.1] AndroidManifest.xml:33:13-35:85
177                android:name="com.google.firebase.components:com.google.firebase.storage.StorageRegistrar"
177-->[com.google.firebase:firebase-storage:19.1.1] AndroidManifest.xml:34:17-107
178                android:value="com.google.firebase.components.ComponentRegistrar" />
178-->[com.google.firebase:firebase-storage:19.1.1] AndroidManifest.xml:35:17-82
179            <meta-data
179-->[com.google.firebase:firebase-auth:19.3.0] AndroidManifest.xml:36:13-38:85
180                android:name="com.google.firebase.components:com.google.firebase.auth.FirebaseAuthRegistrar"
180-->[com.google.firebase:firebase-auth:19.3.0] AndroidManifest.xml:37:17-109
181                android:value="com.google.firebase.components.ComponentRegistrar" />
181-->[com.google.firebase:firebase-auth:19.3.0] AndroidManifest.xml:38:17-82
182            <meta-data
182-->[com.google.firebase:firebase-messaging:20.1.3] AndroidManifest.xml:38:13-40:85
183                android:name="com.google.firebase.components:com.google.firebase.messaging.FirebaseMessagingRegistrar"
183-->[com.google.firebase:firebase-messaging:20.1.3] AndroidManifest.xml:39:17-119
184                android:value="com.google.firebase.components.ComponentRegistrar" />
184-->[com.google.firebase:firebase-messaging:20.1.3] AndroidManifest.xml:40:17-82
185            <meta-data
185-->[com.google.firebase:firebase-crashlytics:17.0.0-beta02] AndroidManifest.xml:16:13-18:85
186                android:name="com.google.firebase.components:com.google.firebase.crashlytics.CrashlyticsRegistrar"
186-->[com.google.firebase:firebase-crashlytics:17.0.0-beta02] AndroidManifest.xml:17:17-115
187                android:value="com.google.firebase.components.ComponentRegistrar" />
187-->[com.google.firebase:firebase-crashlytics:17.0.0-beta02] AndroidManifest.xml:18:17-82
188            <meta-data
188-->[com.google.firebase:firebase-datatransport:17.0.3] AndroidManifest.xml:28:13-30:85
189                android:name="com.google.firebase.components:com.google.firebase.datatransport.TransportRegistrar"
189-->[com.google.firebase:firebase-datatransport:17.0.3] AndroidManifest.xml:29:17-115
190                android:value="com.google.firebase.components.ComponentRegistrar" />
190-->[com.google.firebase:firebase-datatransport:17.0.3] AndroidManifest.xml:30:17-82
191            <meta-data
191-->[com.google.android.gms:play-services-measurement-api:17.2.3] AndroidManifest.xml:30:13-32:85
192                android:name="com.google.firebase.components:com.google.firebase.analytics.connector.internal.AnalyticsConnectorRegistrar"
192-->[com.google.android.gms:play-services-measurement-api:17.2.3] AndroidManifest.xml:31:17-139
193                android:value="com.google.firebase.components.ComponentRegistrar" />
193-->[com.google.android.gms:play-services-measurement-api:17.2.3] AndroidManifest.xml:32:17-82
194            <meta-data
194-->[com.google.firebase:firebase-iid:20.1.2] AndroidManifest.xml:32:13-34:85
195                android:name="com.google.firebase.components:com.google.firebase.iid.Registrar"
195-->[com.google.firebase:firebase-iid:20.1.2] AndroidManifest.xml:33:17-96
196                android:value="com.google.firebase.components.ComponentRegistrar" />
196-->[com.google.firebase:firebase-iid:20.1.2] AndroidManifest.xml:34:17-82
197            <meta-data
197-->[com.google.firebase:firebase-installations:16.1.0] AndroidManifest.xml:17:13-19:85
198                android:name="com.google.firebase.components:com.google.firebase.installations.FirebaseInstallationsRegistrar"
198-->[com.google.firebase:firebase-installations:16.1.0] AndroidManifest.xml:18:17-127
199                android:value="com.google.firebase.components.ComponentRegistrar" />
199-->[com.google.firebase:firebase-installations:16.1.0] AndroidManifest.xml:19:17-82
200        </service> <!-- Needs to be explicitly declared on P+ -->
201        <uses-library
201-->[com.google.android.gms:play-services-maps:17.0.1] AndroidManifest.xml:39:9-41:40
202            android:name="org.apache.http.legacy"
202-->[com.google.android.gms:play-services-maps:17.0.1] AndroidManifest.xml:40:13-50
203            android:required="false" />
203-->[com.google.android.gms:play-services-maps:17.0.1] AndroidManifest.xml:41:13-37
204
205        <activity
205-->[com.google.firebase:firebase-auth:19.3.0] AndroidManifest.xml:24:9-31:50
206            android:name="com.google.firebase.auth.internal.FederatedSignInActivity"
206-->[com.google.firebase:firebase-auth:19.3.0] AndroidManifest.xml:25:13-85
207            android:excludeFromRecents="true"
207-->[com.google.firebase:firebase-auth:19.3.0] AndroidManifest.xml:26:13-46
208            android:exported="true"
208-->[com.google.firebase:firebase-auth:19.3.0] AndroidManifest.xml:27:13-36
209            android:launchMode="singleTask"
209-->[com.google.firebase:firebase-auth:19.3.0] AndroidManifest.xml:28:13-44
210            android:permission="com.google.firebase.auth.api.gms.permission.LAUNCH_FEDERATED_SIGN_IN"
210-->[com.google.firebase:firebase-auth:19.3.0] AndroidManifest.xml:29:13-102
211            android:theme="@android:style/Theme.Translucent.NoTitleBar" />
211-->[com.google.firebase:firebase-auth:19.3.0] AndroidManifest.xml:30:13-72
212        <!--
213             FirebaseMessagingService performs security checks at runtime,
214             but set to not exported to explicitly avoid allowing another app to call it.
215        -->
216        <service
216-->[com.google.firebase:firebase-messaging:20.1.3] AndroidManifest.xml:28:9-34:19
217            android:name="com.google.firebase.messaging.FirebaseMessagingService"
217-->[com.google.firebase:firebase-messaging:20.1.3] AndroidManifest.xml:29:13-82
218            android:exported="false" >
218-->[com.google.firebase:firebase-messaging:20.1.3] AndroidManifest.xml:30:13-37
219            <intent-filter android:priority="-500" >
219-->src\main\AndroidManifest.xml:59:13-61:29
220                <action android:name="com.google.firebase.MESSAGING_EVENT" />
220-->src\main\AndroidManifest.xml:60:17-78
220-->src\main\AndroidManifest.xml:60:25-75
221            </intent-filter>
222        </service>
223
224        <receiver
224-->[com.google.firebase:firebase-iid:20.1.2] AndroidManifest.xml:37:9-44:20
225            android:name="com.google.firebase.iid.FirebaseInstanceIdReceiver"
225-->[com.google.firebase:firebase-iid:20.1.2] AndroidManifest.xml:38:13-78
226            android:exported="true"
226-->[com.google.firebase:firebase-iid:20.1.2] AndroidManifest.xml:39:13-36
227            android:permission="com.google.android.c2dm.permission.SEND" >
227-->[com.google.firebase:firebase-iid:20.1.2] AndroidManifest.xml:40:13-73
228            <intent-filter>
228-->[com.google.firebase:firebase-iid:20.1.2] AndroidManifest.xml:41:13-43:29
229                <action android:name="com.google.android.c2dm.intent.RECEIVE" />
229-->[com.google.firebase:firebase-iid:20.1.2] AndroidManifest.xml:42:17-81
229-->[com.google.firebase:firebase-iid:20.1.2] AndroidManifest.xml:42:25-78
230            </intent-filter>
231        </receiver>
232
233        <provider
233-->[com.google.firebase:firebase-common:19.3.0] AndroidManifest.xml:26:9-30:39
234            android:name="com.google.firebase.provider.FirebaseInitProvider"
234-->[com.google.firebase:firebase-common:19.3.0] AndroidManifest.xml:27:13-77
235            android:authorities="personal.droid.pychat.firebaseinitprovider"
235-->[com.google.firebase:firebase-common:19.3.0] AndroidManifest.xml:28:13-72
236            android:exported="false"
236-->[com.google.firebase:firebase-common:19.3.0] AndroidManifest.xml:29:13-37
237            android:initOrder="100" />
237-->[com.google.firebase:firebase-common:19.3.0] AndroidManifest.xml:30:13-36
238
239        <activity
239-->[com.google.android.gms:play-services-base:17.1.0] AndroidManifest.xml:23:9-26:75
240            android:name="com.google.android.gms.common.api.GoogleApiActivity"
240-->[com.google.android.gms:play-services-base:17.1.0] AndroidManifest.xml:24:13-79
241            android:exported="false"
241-->[com.google.android.gms:play-services-base:17.1.0] AndroidManifest.xml:25:13-37
242            android:theme="@android:style/Theme.Translucent.NoTitleBar" />
242-->[com.google.android.gms:play-services-base:17.1.0] AndroidManifest.xml:26:13-72
243
244        <receiver
244-->[com.google.android.gms:play-services-measurement:17.2.3] AndroidManifest.xml:29:9-33:20
245            android:name="com.google.android.gms.measurement.AppMeasurementReceiver"
245-->[com.google.android.gms:play-services-measurement:17.2.3] AndroidManifest.xml:30:13-85
246            android:enabled="true"
246-->[com.google.android.gms:play-services-measurement:17.2.3] AndroidManifest.xml:31:13-35
247            android:exported="false" >
247-->[com.google.android.gms:play-services-measurement:17.2.3] AndroidManifest.xml:32:13-37
248        </receiver>
249        <receiver
249-->[com.google.android.gms:play-services-measurement:17.2.3] AndroidManifest.xml:34:9-42:20
250            android:name="com.google.android.gms.measurement.AppMeasurementInstallReferrerReceiver"
250-->[com.google.android.gms:play-services-measurement:17.2.3] AndroidManifest.xml:35:13-100
251            android:enabled="true"
251-->[com.google.android.gms:play-services-measurement:17.2.3] AndroidManifest.xml:36:13-35
252            android:exported="true"
252-->[com.google.android.gms:play-services-measurement:17.2.3] AndroidManifest.xml:37:13-36
253            android:permission="android.permission.INSTALL_PACKAGES" >
253-->[com.google.android.gms:play-services-measurement:17.2.3] AndroidManifest.xml:38:13-69
254            <intent-filter>
254-->[com.google.android.gms:play-services-measurement:17.2.3] AndroidManifest.xml:39:13-41:29
255                <action android:name="com.android.vending.INSTALL_REFERRER" />
255-->[com.google.android.gms:play-services-measurement:17.2.3] AndroidManifest.xml:40:17-79
255-->[com.google.android.gms:play-services-measurement:17.2.3] AndroidManifest.xml:40:25-76
256            </intent-filter>
257        </receiver>
258
259        <service
259-->[com.google.android.gms:play-services-measurement:17.2.3] AndroidManifest.xml:44:9-47:40
260            android:name="com.google.android.gms.measurement.AppMeasurementService"
260-->[com.google.android.gms:play-services-measurement:17.2.3] AndroidManifest.xml:45:13-84
261            android:enabled="true"
261-->[com.google.android.gms:play-services-measurement:17.2.3] AndroidManifest.xml:46:13-35
262            android:exported="false" />
262-->[com.google.android.gms:play-services-measurement:17.2.3] AndroidManifest.xml:47:13-37
263        <service
263-->[com.google.android.gms:play-services-measurement:17.2.3] AndroidManifest.xml:48:9-52:72
264            android:name="com.google.android.gms.measurement.AppMeasurementJobService"
264-->[com.google.android.gms:play-services-measurement:17.2.3] AndroidManifest.xml:49:13-87
265            android:enabled="true"
265-->[com.google.android.gms:play-services-measurement:17.2.3] AndroidManifest.xml:50:13-35
266            android:exported="false"
266-->[com.google.android.gms:play-services-measurement:17.2.3] AndroidManifest.xml:51:13-37
267            android:permission="android.permission.BIND_JOB_SERVICE" />
267-->[com.google.android.gms:play-services-measurement:17.2.3] AndroidManifest.xml:52:13-69
268
269        <meta-data
269-->[com.google.android.gms:play-services-basement:17.0.0] AndroidManifest.xml:23:9-25:69
270            android:name="com.google.android.gms.version"
270-->[com.google.android.gms:play-services-basement:17.0.0] AndroidManifest.xml:24:13-58
271            android:value="@integer/google_play_services_version" />
271-->[com.google.android.gms:play-services-basement:17.0.0] AndroidManifest.xml:25:13-66
272
273        <service
273-->[com.google.android.datatransport:transport-backend-cct:2.2.0] AndroidManifest.xml:29:9-35:19
274            android:name="com.google.android.datatransport.runtime.backends.TransportBackendDiscovery"
274-->[com.google.android.datatransport:transport-backend-cct:2.2.0] AndroidManifest.xml:30:13-103
275            android:exported="false" >
275-->[com.google.android.datatransport:transport-backend-cct:2.2.0] AndroidManifest.xml:31:13-37
276            <meta-data
276-->[com.google.android.datatransport:transport-backend-cct:2.2.0] AndroidManifest.xml:32:13-34:39
277                android:name="backend:com.google.android.datatransport.cct.CctBackendFactory"
277-->[com.google.android.datatransport:transport-backend-cct:2.2.0] AndroidManifest.xml:33:17-94
278                android:value="cct" />
278-->[com.google.android.datatransport:transport-backend-cct:2.2.0] AndroidManifest.xml:34:17-36
279        </service>
280        <service
280-->[com.google.android.datatransport:transport-runtime:2.2.0] AndroidManifest.xml:26:9-30:19